
InferNetwork_ML (MatTree, PatTree) 2 -x 10 -di
Results after run #1
-2.936822974280658: (((inornatus:0.35090344104320614,(neomexicanus:0.7877144017387714)I6#H1:0.5191262550241502::0.4961253048023919)I7:4.293068615209682,((tesselatus:1.0863940724918275)I5#H2:1.2221341256499643::0.5037379896470491,septemvittatus:14.784751915426352)I4:2.893828573583276)I8:2.807666558238621,(marmoratus:0.05527859291917864,(I6#H1:0.7910149268777513::0.5038746951976081,I5#H2:0.5498847669219834::0.4962620103529509)I1:3.689013448346228)I9:3.6177344520355703)I0;
Running Time (min): 0.15248333333333333
===============================


Results after run #2
-2.936822974280658: (((inornatus:0.35090344104320614,(neomexicanus:0.7877144017387714)I6#H1:0.5191262550241502::0.4961253048023919)I7:4.293068615209682,((tesselatus:1.0863940724918275)I5#H2:1.2221341256499643::0.5037379896470491,septemvittatus:14.784751915426352)I4:2.893828573583276)I8:2.807666558238621,(marmoratus:0.05527859291917864,(I6#H1:0.7910149268777513::0.5038746951976081,I5#H2:0.5498847669219834::0.4962620103529509)I1:3.689013448346228)I9:3.6177344520355703)I0;
Running Time (min): 0.07108333333333333
===============================


Results after run #3
-2.936822974280658: (((inornatus:0.35090344104320614,(neomexicanus:0.7877144017387714)I6#H1:0.5191262550241502::0.4961253048023919)I7:4.293068615209682,((tesselatus:1.0863940724918275)I5#H2:1.2221341256499643::0.5037379896470491,septemvittatus:14.784751915426352)I4:2.893828573583276)I8:2.807666558238621,(marmoratus:0.05527859291917864,(I6#H1:0.7910149268777513::0.5038746951976081,I5#H2:0.5498847669219834::0.4962620103529509)I1:3.689013448346228)I9:3.6177344520355703)I0;
Running Time (min): 0.0634
===============================


Results after run #4
-2.936822974280658: (((inornatus:0.35090344104320614,(neomexicanus:0.7877144017387714)I6#H1:0.5191262550241502::0.4961253048023919)I7:4.293068615209682,((tesselatus:1.0863940724918275)I5#H2:1.2221341256499643::0.5037379896470491,septemvittatus:14.784751915426352)I4:2.893828573583276)I8:2.807666558238621,(marmoratus:0.05527859291917864,(I6#H1:0.7910149268777513::0.5038746951976081,I5#H2:0.5498847669219834::0.4962620103529509)I1:3.689013448346228)I9:3.6177344520355703)I0;
Running Time (min): 0.035866666666666665
===============================


Results after run #5
-2.936822974280658: (((inornatus:0.35090344104320614,(neomexicanus:0.7877144017387714)I6#H1:0.5191262550241502::0.4961253048023919)I7:4.293068615209682,((tesselatus:1.0863940724918275)I5#H2:1.2221341256499643::0.5037379896470491,septemvittatus:14.784751915426352)I4:2.893828573583276)I8:2.807666558238621,(marmoratus:0.05527859291917864,(I6#H1:0.7910149268777513::0.5038746951976081,I5#H2:0.5498847669219834::0.4962620103529509)I1:3.689013448346228)I9:3.6177344520355703)I0;
Running Time (min): 0.03663333333333333
===============================


Results after run #6
-2.936822974280658: (((inornatus:0.35090344104320614,(neomexicanus:0.7877144017387714)I6#H1:0.5191262550241502::0.4961253048023919)I7:4.293068615209682,((tesselatus:1.0863940724918275)I5#H2:1.2221341256499643::0.5037379896470491,septemvittatus:14.784751915426352)I4:2.893828573583276)I8:2.807666558238621,(marmoratus:0.05527859291917864,(I6#H1:0.7910149268777513::0.5038746951976081,I5#H2:0.5498847669219834::0.4962620103529509)I1:3.689013448346228)I9:3.6177344520355703)I0;
Running Time (min): 0.04448333333333333
===============================


Results after run #7
-2.936822974280658: (((inornatus:0.35090344104320614,(neomexicanus:0.7877144017387714)I6#H1:0.5191262550241502::0.4961253048023919)I7:4.293068615209682,((tesselatus:1.0863940724918275)I5#H2:1.2221341256499643::0.5037379896470491,septemvittatus:14.784751915426352)I4:2.893828573583276)I8:2.807666558238621,(marmoratus:0.05527859291917864,(I6#H1:0.7910149268777513::0.5038746951976081,I5#H2:0.5498847669219834::0.4962620103529509)I1:3.689013448346228)I9:3.6177344520355703)I0;
Running Time (min): 0.045283333333333335
===============================


Results after run #8
-2.872563265585237: ((((tesselatus:0.02790848882186997)I2#H1:0.3391261143897313::0.4811967492228695,septemvittatus:2.281045812776879)I9:2.7468709355743433,(inornatus:6.835864899509243,(neomexicanus:1.139126398249397)I3#H2:0.9463677913319581::0.49101671245955447)I0:4.18366107986075)I8:3.92383316779505,(marmoratus:0.5969956074308806,(I2#H1:0.38601229437681295::0.5188032507771305,I3#H2:0.16957384072508874::0.5089832875404455)I4:5.664682351023871)I1:3.778622771135017)I6;
Running Time (min): 0.04895
===============================


Results after run #9
-2.872563265585237: ((((tesselatus:0.02790848882186997)I2#H1:0.3391261143897313::0.4811967492228695,septemvittatus:2.281045812776879)I9:2.7468709355743433,(inornatus:6.835864899509243,(neomexicanus:1.139126398249397)I3#H2:0.9463677913319581::0.49101671245955447)I0:4.18366107986075)I8:3.92383316779505,(marmoratus:0.5969956074308806,(I2#H1:0.38601229437681295::0.5188032507771305,I3#H2:0.16957384072508874::0.5089832875404455)I4:5.664682351023871)I1:3.778622771135017)I6;
Running Time (min): 0.04306666666666667
===============================


Results after run #10
-2.872563265585237: ((((tesselatus:0.02790848882186997)I2#H1:0.3391261143897313::0.4811967492228695,septemvittatus:2.281045812776879)I9:2.7468709355743433,(inornatus:6.835864899509243,(neomexicanus:1.139126398249397)I3#H2:0.9463677913319581::0.49101671245955447)I0:4.18366107986075)I8:3.92383316779505,(marmoratus:0.5969956074308806,(I2#H1:0.38601229437681295::0.5188032507771305,I3#H2:0.16957384072508874::0.5089832875404455)I4:5.664682351023871)I1:3.778622771135017)I6;
Running Time (min): 0.062183333333333334
===============================


Inferred Network #1:
((((tesselatus:0.02790848882186997)#H1:0.3391261143897313::0.4811967492228695,septemvittatus:2.281045812776879):2.7468709355743433,(inornatus:6.835864899509243,(neomexicanus:1.139126398249397)#H2:0.9463677913319581::0.49101671245955447):4.18366107986075):3.92383316779505,(marmoratus:0.5969956074308806,(#H1:0.38601229437681295::0.5188032507771305,#H2:0.16957384072508874::0.5089832875404455):5.664682351023871):3.778622771135017);
Total log probability: -2.872563265585237
Visualize in Dendroscope : ((((tesselatus)#H1,septemvittatus),(inornatus,(neomexicanus)#H2)),(marmoratus,(#H1,#H2)));
Running time (min):0.60475
